 number of chromosomes =          16
 number of genetic positions available =        2084
 	 ... positions computed for chromosome            1
 	 ... positions computed for chromosome            2
 	 ... positions computed for chromosome            3
 	 ... positions computed for chromosome            4
 	 ... positions computed for chromosome            5
 	 ... positions computed for chromosome            6
 	 ... positions computed for chromosome            7
 	 ... positions computed for chromosome            8
 	 ... positions computed for chromosome            9
 	 ... positions computed for chromosome           10
 	 ... positions computed for chromosome           11
 	 ... positions computed for chromosome           12
 	 ... positions computed for chromosome           13
 	 ... positions computed for chromosome           14
 	 ... positions computed for chromosome           15
 	 ... positions computed for chromosome           16
 number of requested positions =     7023689
elapsed wall time is 144
